<?xml version="1.0" encoding="UTF-8"?>
<!-- Generated by org.testng.reporters.JUnitReportReporter -->
<testsuite skipped="0" hostname="CHAITANYA" name="MainTestcase.PetClinicTest" tests="2" failures="0" timestamp="30 Dec 2018 07:54:28 GMT" time="22.457" errors="0">
  <testcase name="Test2" time="7.923" classname="MainTestcase.PetClinicTest"/>
  <testcase name="Test1" time="14.534" classname="MainTestcase.PetClinicTest"/>
</testsuite> <!-- MainTestcase.PetClinicTest -->
